<?xml version="1.0" encoding="UTF-8"?>
<!-- Generated by org.testng.reporters.JUnitReportReporter -->
<testsuite hostname="CMEx-LP-5" name="example1.NewTest1" tests="1" failures="0" timestamp="14 Jun 2016 14:05:06 GMT" time="17.573" errors="0">
  <testcase name="testEasy" time="17.573" classname="example1.NewTest1"/>
</testsuite> <!-- example1.NewTest1 -->
